<?xml version="1.0" encoding="UTF-8"?>
<testsuite name="com.dezin.calculator.CalculatorApplicationTests" tests="1" skipped="0" failures="0" errors="0" timestamp="2023-09-12T18:40:28" hostname="Marcuss-MBP" time="1.159">
  <properties/>
  <testcase name="contextLoads()" classname="com.dezin.calculator.CalculatorApplicationTests" time="1.159"/>
  <system-out><![CDATA[11:40:25.607 [Test worker] INFO org.springframework.test.context.support.AnnotationConfigContextLoaderUtils -- Could not detect default configuration classes for test class [com.dezin.calculator.CalculatorApplicationTests]: CalculatorApplicationTests does not declare any static, non-private, non-final, nested classes annotated with @Configuration.
11:40:25.834 [Test worker] INFO org.springframework.boot.test.context.SpringBootTestContextBootstrapper -- Found @SpringBootConfiguration com.dezin.calculator.CalculatorApplication for test class com.dezin.calculator.CalculatorApplicationTests

  .   ____          _            __ _ _
 /\\ / ___'_ __ _ _(_)_ __  __ _ \ \ \ \
( ( )\___ | '_ | '_| | '_ \/ _` | \ \ \ \
 \\/  ___)| |_)| | | | | || (_| |  ) ) ) )
  '  |____| .__|_| |_|_| |_\__, | / / / /
 =========|_|==============|___/=/_/_/_/
 :: Spring Boot ::                (v3.1.3)

2023-09-12T11:40:26.536-07:00  INFO 68361 --- [    Test worker] c.d.c.CalculatorApplicationTests         : Starting CalculatorApplicationTests using Java 20.0.2 with PID 68361 (started by dezin7 in /Users/dezin7/calculator)
2023-09-12T11:40:26.538-07:00  INFO 68361 --- [    Test worker] c.d.c.CalculatorApplicationTests         : No active profile set, falling back to 1 default profile: "default"
2023-09-12T11:40:28.303-07:00  INFO 68361 --- [    Test worker] c.d.c.CalculatorApplicationTests         : Started CalculatorApplicationTests in 2.15 seconds (process running for 4.316)
]]></system-out>
  <system-err><![CDATA[]]></system-err>
</testsuite>
